[1.309s] Invoking command in '/home/genesis/GENESIS_BOT2_/ros2_ws_rpi5/src/human_control': PYTHONPATH=/home/genesis/GENESIS_BOT2_/ros2_ws_rpi5/build/human_control/prefix_override:/usr/lib/python3/dist-packages/colcon_core/task/python/colcon_distutils_commands:/home/genesis/GENESIS_BOT2_/ros2_ws_rpi5/install/human_control/lib/python3.12/site-packages:${PYTHONPATH} /usr/bin/python3 -W ignore:setup.py install is deprecated -W ignore:easy_install command is deprecated setup.py egg_info --egg-base ../../build/human_control build --build-base /home/genesis/GENESIS_BOT2_/ros2_ws_rpi5/build/human_control/build install --record /home/genesis/GENESIS_BOT2_/ros2_ws_rpi5/build/human_control/install.log --single-version-externally-managed install_data
[1.701s] running egg_info
[1.731s] writing ../../build/human_control/human_control.egg-info/PKG-INFO
[1.731s] writing dependency_links to ../../build/human_control/human_control.egg-info/dependency_links.txt
[1.734s] writing entry points to ../../build/human_control/human_control.egg-info/entry_points.txt
[1.734s] writing requirements to ../../build/human_control/human_control.egg-info/requires.txt
[1.735s] writing top-level names to ../../build/human_control/human_control.egg-info/top_level.txt
[1.792s] reading manifest file '../../build/human_control/human_control.egg-info/SOURCES.txt'
[1.793s] writing manifest file '../../build/human_control/human_control.egg-info/SOURCES.txt'
[1.793s] running build
[1.793s] running build_py
[1.794s] running install
[1.803s] running install_lib
[1.834s] running install_data
[1.834s] copying launch/human_control.launch.py -> /home/genesis/GENESIS_BOT2_/ros2_ws_rpi5/install/human_control/share/human_control
[1.834s] running install_egg_info
[1.864s] removing '/home/genesis/GENESIS_BOT2_/ros2_ws_rpi5/install/human_control/lib/python3.12/site-packages/human_control-0.0.0-py3.12.egg-info' (and everything under it)
[1.864s] Copying ../../build/human_control/human_control.egg-info to /home/genesis/GENESIS_BOT2_/ros2_ws_rpi5/install/human_control/lib/python3.12/site-packages/human_control-0.0.0-py3.12.egg-info
[1.865s] running install_scripts
[2.064s] Installing camera_publisher script to /home/genesis/GENESIS_BOT2_/ros2_ws_rpi5/install/human_control/lib/human_control
[2.064s] Installing controller_to_serial script to /home/genesis/GENESIS_BOT2_/ros2_ws_rpi5/install/human_control/lib/human_control
[2.067s] writing list of installed files to '/home/genesis/GENESIS_BOT2_/ros2_ws_rpi5/build/human_control/install.log'
[2.154s] Invoked command in '/home/genesis/GENESIS_BOT2_/ros2_ws_rpi5/src/human_control' returned '0': PYTHONPATH=/home/genesis/GENESIS_BOT2_/ros2_ws_rpi5/build/human_control/prefix_override:/usr/lib/python3/dist-packages/colcon_core/task/python/colcon_distutils_commands:/home/genesis/GENESIS_BOT2_/ros2_ws_rpi5/install/human_control/lib/python3.12/site-packages:${PYTHONPATH} /usr/bin/python3 -W ignore:setup.py install is deprecated -W ignore:easy_install command is deprecated setup.py egg_info --egg-base ../../build/human_control build --build-base /home/genesis/GENESIS_BOT2_/ros2_ws_rpi5/build/human_control/build install --record /home/genesis/GENESIS_BOT2_/ros2_ws_rpi5/build/human_control/install.log --single-version-externally-managed install_data
