running egg_info
creating ../../build/good_boy_mode/good_boy_mode.egg-info
writing ../../build/good_boy_mode/good_boy_mode.egg-info/PKG-INFO
writing dependency_links to ../../build/good_boy_mode/good_boy_mode.egg-info/dependency_links.txt
writing entry points to ../../build/good_boy_mode/good_boy_mode.egg-info/entry_points.txt
writing requirements to ../../build/good_boy_mode/good_boy_mode.egg-info/requires.txt
writing top-level names to ../../build/good_boy_mode/good_boy_mode.egg-info/top_level.txt
writing manifest file '../../build/good_boy_mode/good_boy_mode.egg-info/SOURCES.txt'
reading manifest file '../../build/good_boy_mode/good_boy_mode.egg-info/SOURCES.txt'
adding license file 'LICENSE'
writing manifest file '../../build/good_boy_mode/good_boy_mode.egg-info/SOURCES.txt'
running build
running build_py
creating /home/genesis/GENESIS_BOT2_/ros2_ws_rpi5/build/good_boy_mode/build
creating /home/genesis/GENESIS_BOT2_/ros2_ws_rpi5/build/good_boy_mode/build/lib
creating /home/genesis/GENESIS_BOT2_/ros2_ws_rpi5/build/good_boy_mode/build/lib/good_boy_mode
copying good_boy_mode/mobile_bot.py -> /home/genesis/GENESIS_BOT2_/ros2_ws_rpi5/build/good_boy_mode/build/lib/good_boy_mode
copying good_boy_mode/cam_tilt_pan.py -> /home/genesis/GENESIS_BOT2_/ros2_ws_rpi5/build/good_boy_mode/build/lib/good_boy_mode
copying good_boy_mode/__init__.py -> /home/genesis/GENESIS_BOT2_/ros2_ws_rpi5/build/good_boy_mode/build/lib/good_boy_mode
running install
running install_lib
creating /home/genesis/GENESIS_BOT2_/ros2_ws_rpi5/install/good_boy_mode/lib/python3.12/site-packages/good_boy_mode
copying /home/genesis/GENESIS_BOT2_/ros2_ws_rpi5/build/good_boy_mode/build/lib/good_boy_mode/mobile_bot.py -> /home/genesis/GENESIS_BOT2_/ros2_ws_rpi5/install/good_boy_mode/lib/python3.12/site-packages/good_boy_mode
copying /home/genesis/GENESIS_BOT2_/ros2_ws_rpi5/build/good_boy_mode/build/lib/good_boy_mode/cam_tilt_pan.py -> /home/genesis/GENESIS_BOT2_/ros2_ws_rpi5/install/good_boy_mode/lib/python3.12/site-packages/good_boy_mode
copying /home/genesis/GENESIS_BOT2_/ros2_ws_rpi5/build/good_boy_mode/build/lib/good_boy_mode/__init__.py -> /home/genesis/GENESIS_BOT2_/ros2_ws_rpi5/install/good_boy_mode/lib/python3.12/site-packages/good_boy_mode
byte-compiling /home/genesis/GENESIS_BOT2_/ros2_ws_rpi5/install/good_boy_mode/lib/python3.12/site-packages/good_boy_mode/mobile_bot.py to mobile_bot.cpython-312.pyc
byte-compiling /home/genesis/GENESIS_BOT2_/ros2_ws_rpi5/install/good_boy_mode/lib/python3.12/site-packages/good_boy_mode/cam_tilt_pan.py to cam_tilt_pan.cpython-312.pyc
byte-compiling /home/genesis/GENESIS_BOT2_/ros2_ws_rpi5/install/good_boy_mode/lib/python3.12/site-packages/good_boy_mode/__init__.py to __init__.cpython-312.pyc
running install_data
creating /home/genesis/GENESIS_BOT2_/ros2_ws_rpi5/install/good_boy_mode/share/ament_index
creating /home/genesis/GENESIS_BOT2_/ros2_ws_rpi5/install/good_boy_mode/share/ament_index/resource_index
creating /home/genesis/GENESIS_BOT2_/ros2_ws_rpi5/install/good_boy_mode/share/ament_index/resource_index/packages
copying resource/good_boy_mode -> /home/genesis/GENESIS_BOT2_/ros2_ws_rpi5/install/good_boy_mode/share/ament_index/resource_index/packages
copying package.xml -> /home/genesis/GENESIS_BOT2_/ros2_ws_rpi5/install/good_boy_mode/share/good_boy_mode
running install_egg_info
Copying ../../build/good_boy_mode/good_boy_mode.egg-info to /home/genesis/GENESIS_BOT2_/ros2_ws_rpi5/install/good_boy_mode/lib/python3.12/site-packages/good_boy_mode-0.0.0-py3.12.egg-info
running install_scripts
Installing cam_tilt_pan script to /home/genesis/GENESIS_BOT2_/ros2_ws_rpi5/install/good_boy_mode/lib/good_boy_mode
Installing mobile_bot script to /home/genesis/GENESIS_BOT2_/ros2_ws_rpi5/install/good_boy_mode/lib/good_boy_mode
writing list of installed files to '/home/genesis/GENESIS_BOT2_/ros2_ws_rpi5/build/good_boy_mode/install.log'
