[0.152s] DEBUG:colcon:Command line arguments: ['/usr/bin/colcon', 'build']
[0.152s] DEBUG:colcon:Parsed command line arguments: Namespace(log_base=None, log_level=None, verb_name='build', build_base='build', install_base='install', merge_install=False, symlink_install=False, test_result_base=None, continue_on_error=False, executor='parallel', parallel_workers=4, event_handlers=None, ignore_user_meta=False, metas=['./colcon.meta'], base_paths=['.'], packages_ignore=None, packages_ignore_regex=None, paths=None, packages_up_to=None, packages_up_to_regex=None, packages_above=None, packages_above_and_dependencies=None, packages_above_depth=None, packages_select_by_dep=None, packages_skip_by_dep=None, packages_skip_up_to=None, packages_select_build_failed=False, packages_skip_build_finished=False, packages_select_test_failures=False, packages_skip_test_passed=False, packages_select=None, packages_skip=None, packages_select_regex=None, packages_skip_regex=None, packages_start=None, packages_end=None, allow_overriding=[], cmake_args=None, cmake_target=None, cmake_target_skip_unavailable=False, cmake_clean_cache=False, cmake_clean_first=False, cmake_force_configure=False, ament_cmake_args=None, catkin_cmake_args=None, catkin_skip_building_tests=False, mixin_files=None, mixin=None, verb_parser=<colcon_mixin.mixin.mixin_argument.MixinArgumentDecorator object at 0xffff8a17a480>, verb_extension=<colcon_core.verb.build.BuildVerb object at 0xffff8a33ea20>, main=<bound method BuildVerb.main of <colcon_core.verb.build.BuildVerb object at 0xffff8a33ea20>>, mixin_verb=('build',))
[0.210s] Level 1:colcon.colcon_core.package_discovery:discover_packages(colcon_meta) check parameters
[0.210s] Level 1:colcon.colcon_core.package_discovery:discover_packages(recursive) check parameters
[0.210s] Level 1:colcon.colcon_core.package_discovery:discover_packages(ignore) check parameters
[0.210s] Level 1:colcon.colcon_core.package_discovery:discover_packages(path) check parameters
[0.210s] Level 1:colcon.colcon_core.package_discovery:discover_packages(colcon_meta) discover
[0.210s] Level 1:colcon.colcon_core.package_discovery:discover_packages(recursive) discover
[0.210s] INFO:colcon.colcon_core.package_discovery:Crawling recursively for packages in '/home/genesis/GENESIS_BOT2_/ros2_ws_rpi5'
[0.210s] Level 1:colcon.colcon_core.package_identification:_identify(.) by extensions ['ignore', 'ignore_ament_install']
[0.210s] Level 1:colcon.colcon_core.package_identification:_identify(.) by extension 'ignore'
[0.210s] Level 1:colcon.colcon_core.package_identification:_identify(.) by extension 'ignore_ament_install'
[0.210s] Level 1:colcon.colcon_core.package_identification:_identify(.) by extensions ['colcon_pkg']
[0.210s] Level 1:colcon.colcon_core.package_identification:_identify(.) by extension 'colcon_pkg'
[0.210s] Level 1:colcon.colcon_core.package_identification:_identify(.) by extensions ['colcon_meta']
[0.210s] Level 1:colcon.colcon_core.package_identification:_identify(.) by extension 'colcon_meta'
[0.210s] Level 1:colcon.colcon_core.package_identification:_identify(.) by extensions ['ros']
[0.211s] Level 1:colcon.colcon_core.package_identification:_identify(.) by extension 'ros'
[0.249s] Level 1:colcon.colcon_core.package_identification:_identify(.) by extensions ['cmake', 'python']
[0.250s] Level 1:colcon.colcon_core.package_identification:_identify(.) by extension 'cmake'
[0.250s] Level 1:colcon.colcon_core.package_identification:_identify(.) by extension 'python'
[0.250s] Level 1:colcon.colcon_core.package_identification:_identify(.) by extensions ['python_setup_py']
[0.250s] Level 1:colcon.colcon_core.package_identification:_identify(.) by extension 'python_setup_py'
[0.250s] Level 1:colcon.colcon_core.package_identification:_identify(build) by extensions ['ignore', 'ignore_ament_install']
[0.250s] Level 1:colcon.colcon_core.package_identification:_identify(build) by extension 'ignore'
[0.250s] Level 1:colcon.colcon_core.package_identification:_identify(build) ignored
[0.250s] Level 1:colcon.colcon_core.package_identification:_identify(install) by extensions ['ignore', 'ignore_ament_install']
[0.250s] Level 1:colcon.colcon_core.package_identification:_identify(install) by extension 'ignore'
[0.250s] Level 1:colcon.colcon_core.package_identification:_identify(install) ignored
[0.250s] Level 1:colcon.colcon_core.package_identification:_identify(log) by extensions ['ignore', 'ignore_ament_install']
[0.251s] Level 1:colcon.colcon_core.package_identification:_identify(log) by extension 'ignore'
[0.251s] Level 1:colcon.colcon_core.package_identification:_identify(log) ignored
[0.251s] Level 1:colcon.colcon_core.package_identification:_identify(src) by extensions ['ignore', 'ignore_ament_install']
[0.251s] Level 1:colcon.colcon_core.package_identification:_identify(src) by extension 'ignore'
[0.251s] Level 1:colcon.colcon_core.package_identification:_identify(src) by extension 'ignore_ament_install'
[0.251s] Level 1:colcon.colcon_core.package_identification:_identify(src) by extensions ['colcon_pkg']
[0.251s] Level 1:colcon.colcon_core.package_identification:_identify(src) by extension 'colcon_pkg'
[0.251s] Level 1:colcon.colcon_core.package_identification:_identify(src) by extensions ['colcon_meta']
[0.251s] Level 1:colcon.colcon_core.package_identification:_identify(src) by extension 'colcon_meta'
[0.251s] Level 1:colcon.colcon_core.package_identification:_identify(src) by extensions ['ros']
[0.251s] Level 1:colcon.colcon_core.package_identification:_identify(src) by extension 'ros'
[0.251s] Level 1:colcon.colcon_core.package_identification:_identify(src) by extensions ['cmake', 'python']
[0.251s] Level 1:colcon.colcon_core.package_identification:_identify(src) by extension 'cmake'
[0.251s] Level 1:colcon.colcon_core.package_identification:_identify(src) by extension 'python'
[0.251s] Level 1:colcon.colcon_core.package_identification:_identify(src) by extensions ['python_setup_py']
[0.251s] Level 1:colcon.colcon_core.package_identification:_identify(src) by extension 'python_setup_py'
[0.251s] Level 1:colcon.colcon_core.package_identification:_identify(src/good_boy_mode) by extensions ['ignore', 'ignore_ament_install']
[0.251s] Level 1:colcon.colcon_core.package_identification:_identify(src/good_boy_mode) by extension 'ignore'
[0.252s] Level 1:colcon.colcon_core.package_identification:_identify(src/good_boy_mode) by extension 'ignore_ament_install'
[0.252s] Level 1:colcon.colcon_core.package_identification:_identify(src/good_boy_mode) by extensions ['colcon_pkg']
[0.252s] Level 1:colcon.colcon_core.package_identification:_identify(src/good_boy_mode) by extension 'colcon_pkg'
[0.252s] Level 1:colcon.colcon_core.package_identification:_identify(src/good_boy_mode) by extensions ['colcon_meta']
[0.252s] Level 1:colcon.colcon_core.package_identification:_identify(src/good_boy_mode) by extension 'colcon_meta'
[0.252s] Level 1:colcon.colcon_core.package_identification:_identify(src/good_boy_mode) by extensions ['ros']
[0.252s] Level 1:colcon.colcon_core.package_identification:_identify(src/good_boy_mode) by extension 'ros'
[0.255s] DEBUG:colcon.colcon_core.package_identification:Package 'src/good_boy_mode' with type 'ros.ament_python' and name 'good_boy_mode'
[0.255s] Level 1:colcon.colcon_core.package_identification:_identify(src/human_control) by extensions ['ignore', 'ignore_ament_install']
[0.255s] Level 1:colcon.colcon_core.package_identification:_identify(src/human_control) by extension 'ignore'
[0.255s] Level 1:colcon.colcon_core.package_identification:_identify(src/human_control) by extension 'ignore_ament_install'
[0.255s] Level 1:colcon.colcon_core.package_identification:_identify(src/human_control) by extensions ['colcon_pkg']
[0.255s] Level 1:colcon.colcon_core.package_identification:_identify(src/human_control) by extension 'colcon_pkg'
[0.255s] Level 1:colcon.colcon_core.package_identification:_identify(src/human_control) by extensions ['colcon_meta']
[0.255s] Level 1:colcon.colcon_core.package_identification:_identify(src/human_control) by extension 'colcon_meta'
[0.255s] Level 1:colcon.colcon_core.package_identification:_identify(src/human_control) by extensions ['ros']
[0.255s] Level 1:colcon.colcon_core.package_identification:_identify(src/human_control) by extension 'ros'
[0.256s] DEBUG:colcon.colcon_core.package_identification:Package 'src/human_control' with type 'ros.ament_python' and name 'human_control'
[0.256s] Level 1:colcon.colcon_core.package_discovery:discover_packages(recursive) using defaults
[0.257s] Level 1:colcon.colcon_core.package_discovery:discover_packages(ignore) discover
[0.257s] Level 1:colcon.colcon_core.package_discovery:discover_packages(ignore) using defaults
[0.257s] Level 1:colcon.colcon_core.package_discovery:discover_packages(path) discover
[0.257s] Level 1:colcon.colcon_core.package_discovery:discover_packages(path) using defaults
[0.281s] Level 1:colcon.colcon_core.package_discovery:discover_packages(prefix_path) check parameters
[0.281s] Level 1:colcon.colcon_core.package_discovery:discover_packages(prefix_path) discover
[0.283s] DEBUG:colcon.colcon_installed_package_information.package_discovery:Found 2 installed packages in /home/genesis/GENESIS_BOT2_/ros2_ws_rpi5/install
[0.285s] DEBUG:colcon.colcon_installed_package_information.package_discovery:Found 328 installed packages in /opt/ros/jazzy
[0.288s] Level 1:colcon.colcon_core.package_discovery:discover_packages(prefix_path) using defaults
[0.354s] Level 5:colcon.colcon_core.verb:set package 'good_boy_mode' build argument 'cmake_args' from command line to 'None'
[0.354s] Level 5:colcon.colcon_core.verb:set package 'good_boy_mode' build argument 'cmake_target' from command line to 'None'
[0.355s] Level 5:colcon.colcon_core.verb:set package 'good_boy_mode' build argument 'cmake_target_skip_unavailable' from command line to 'False'
[0.355s] Level 5:colcon.colcon_core.verb:set package 'good_boy_mode' build argument 'cmake_clean_cache' from command line to 'False'
[0.355s] Level 5:colcon.colcon_core.verb:set package 'good_boy_mode' build argument 'cmake_clean_first' from command line to 'False'
[0.355s] Level 5:colcon.colcon_core.verb:set package 'good_boy_mode' build argument 'cmake_force_configure' from command line to 'False'
[0.355s] Level 5:colcon.colcon_core.verb:set package 'good_boy_mode' build argument 'ament_cmake_args' from command line to 'None'
[0.355s] Level 5:colcon.colcon_core.verb:set package 'good_boy_mode' build argument 'catkin_cmake_args' from command line to 'None'
[0.355s] Level 5:colcon.colcon_core.verb:set package 'good_boy_mode' build argument 'catkin_skip_building_tests' from command line to 'False'
[0.355s] DEBUG:colcon.colcon_core.verb:Building package 'good_boy_mode' with the following arguments: {'ament_cmake_args': None, 'build_base': '/home/genesis/GENESIS_BOT2_/ros2_ws_rpi5/build/good_boy_mode', 'catkin_cmake_args': None, 'catkin_skip_building_tests': False, 'cmake_args': None, 'cmake_clean_cache': False, 'cmake_clean_first': False, 'cmake_force_configure': False, 'cmake_target': None, 'cmake_target_skip_unavailable': False, 'install_base': '/home/genesis/GENESIS_BOT2_/ros2_ws_rpi5/install/good_boy_mode', 'merge_install': False, 'path': '/home/genesis/GENESIS_BOT2_/ros2_ws_rpi5/src/good_boy_mode', 'symlink_install': False, 'test_result_base': None}
[0.355s] Level 5:colcon.colcon_core.verb:set package 'human_control' build argument 'cmake_args' from command line to 'None'
[0.355s] Level 5:colcon.colcon_core.verb:set package 'human_control' build argument 'cmake_target' from command line to 'None'
[0.355s] Level 5:colcon.colcon_core.verb:set package 'human_control' build argument 'cmake_target_skip_unavailable' from command line to 'False'
[0.355s] Level 5:colcon.colcon_core.verb:set package 'human_control' build argument 'cmake_clean_cache' from command line to 'False'
[0.355s] Level 5:colcon.colcon_core.verb:set package 'human_control' build argument 'cmake_clean_first' from command line to 'False'
[0.355s] Level 5:colcon.colcon_core.verb:set package 'human_control' build argument 'cmake_force_configure' from command line to 'False'
[0.355s] Level 5:colcon.colcon_core.verb:set package 'human_control' build argument 'ament_cmake_args' from command line to 'None'
[0.355s] Level 5:colcon.colcon_core.verb:set package 'human_control' build argument 'catkin_cmake_args' from command line to 'None'
[0.355s] Level 5:colcon.colcon_core.verb:set package 'human_control' build argument 'catkin_skip_building_tests' from command line to 'False'
[0.355s] DEBUG:colcon.colcon_core.verb:Building package 'human_control' with the following arguments: {'ament_cmake_args': None, 'build_base': '/home/genesis/GENESIS_BOT2_/ros2_ws_rpi5/build/human_control', 'catkin_cmake_args': None, 'catkin_skip_building_tests': False, 'cmake_args': None, 'cmake_clean_cache': False, 'cmake_clean_first': False, 'cmake_force_configure': False, 'cmake_target': None, 'cmake_target_skip_unavailable': False, 'install_base': '/home/genesis/GENESIS_BOT2_/ros2_ws_rpi5/install/human_control', 'merge_install': False, 'path': '/home/genesis/GENESIS_BOT2_/ros2_ws_rpi5/src/human_control', 'symlink_install': False, 'test_result_base': None}
[0.355s] INFO:colcon.colcon_core.executor:Executing jobs using 'parallel' executor
[0.357s] DEBUG:colcon.colcon_parallel_executor.executor.parallel:run_until_complete
[0.357s] INFO:colcon.colcon_ros.task.ament_python.build:Building ROS package in '/home/genesis/GENESIS_BOT2_/ros2_ws_rpi5/src/good_boy_mode' with build type 'ament_python'
[0.358s] Level 1:colcon.colcon_core.shell:create_environment_hook('good_boy_mode', 'ament_prefix_path')
[0.370s] INFO:colcon.colcon_core.plugin_system:Skipping extension 'colcon_core.shell.bat': Not used on non-Windows systems
[0.371s] INFO:colcon.colcon_core.shell:Creating environment hook '/home/genesis/GENESIS_BOT2_/ros2_ws_rpi5/install/good_boy_mode/share/good_boy_mode/hook/ament_prefix_path.ps1'
[0.374s] INFO:colcon.colcon_core.shell:Creating environment descriptor '/home/genesis/GENESIS_BOT2_/ros2_ws_rpi5/install/good_boy_mode/share/good_boy_mode/hook/ament_prefix_path.dsv'
[0.377s] INFO:colcon.colcon_core.shell:Creating environment hook '/home/genesis/GENESIS_BOT2_/ros2_ws_rpi5/install/good_boy_mode/share/good_boy_mode/hook/ament_prefix_path.sh'
[0.379s] INFO:colcon.colcon_core.shell:Skip shell extension 'powershell' for command environment: Not usable outside of PowerShell
[0.379s] DEBUG:colcon.colcon_core.shell:Skip shell extension 'dsv' for command environment
[0.394s] INFO:colcon.colcon_ros.task.ament_python.build:Building ROS package in '/home/genesis/GENESIS_BOT2_/ros2_ws_rpi5/src/human_control' with build type 'ament_python'
[0.396s] Level 1:colcon.colcon_core.shell:create_environment_hook('human_control', 'ament_prefix_path')
[0.397s] INFO:colcon.colcon_core.shell:Creating environment hook '/home/genesis/GENESIS_BOT2_/ros2_ws_rpi5/install/human_control/share/human_control/hook/ament_prefix_path.ps1'
[0.399s] INFO:colcon.colcon_core.shell:Creating environment descriptor '/home/genesis/GENESIS_BOT2_/ros2_ws_rpi5/install/human_control/share/human_control/hook/ament_prefix_path.dsv'
[0.403s] INFO:colcon.colcon_core.shell:Creating environment hook '/home/genesis/GENESIS_BOT2_/ros2_ws_rpi5/install/human_control/share/human_control/hook/ament_prefix_path.sh'
[0.407s] INFO:colcon.colcon_core.shell:Skip shell extension 'powershell' for command environment: Not usable outside of PowerShell
[0.407s] DEBUG:colcon.colcon_core.shell:Skip shell extension 'dsv' for command environment
[0.854s] INFO:colcon.colcon_core.task.python.build:Building Python package in '/home/genesis/GENESIS_BOT2_/ros2_ws_rpi5/src/good_boy_mode'
[0.854s] INFO:colcon.colcon_core.shell:Skip shell extension 'powershell' for command environment: Not usable outside of PowerShell
[0.854s] DEBUG:colcon.colcon_core.shell:Skip shell extension 'dsv' for command environment
[1.283s] INFO:colcon.colcon_core.task.python.build:Building Python package in '/home/genesis/GENESIS_BOT2_/ros2_ws_rpi5/src/human_control'
[1.283s] INFO:colcon.colcon_core.shell:Skip shell extension 'powershell' for command environment: Not usable outside of PowerShell
[1.284s] DEBUG:colcon.colcon_core.shell:Skip shell extension 'dsv' for command environment
[2.500s] DEBUG:colcon.colcon_core.event_handler.log_command:Invoking command in '/home/genesis/GENESIS_BOT2_/ros2_ws_rpi5/src/good_boy_mode': PYTHONPATH=/home/genesis/GENESIS_BOT2_/ros2_ws_rpi5/build/good_boy_mode/prefix_override:/usr/lib/python3/dist-packages/colcon_core/task/python/colcon_distutils_commands:/home/genesis/GENESIS_BOT2_/ros2_ws_rpi5/install/good_boy_mode/lib/python3.12/site-packages:${PYTHONPATH} /usr/bin/python3 -W ignore:setup.py install is deprecated -W ignore:easy_install command is deprecated setup.py egg_info --egg-base ../../build/good_boy_mode build --build-base /home/genesis/GENESIS_BOT2_/ros2_ws_rpi5/build/good_boy_mode/build install --record /home/genesis/GENESIS_BOT2_/ros2_ws_rpi5/build/good_boy_mode/install.log --single-version-externally-managed install_data
[2.507s] DEBUG:colcon.colcon_core.event_handler.log_command:Invoking command in '/home/genesis/GENESIS_BOT2_/ros2_ws_rpi5/src/human_control': PYTHONPATH=/home/genesis/GENESIS_BOT2_/ros2_ws_rpi5/build/human_control/prefix_override:/usr/lib/python3/dist-packages/colcon_core/task/python/colcon_distutils_commands:/home/genesis/GENESIS_BOT2_/ros2_ws_rpi5/install/human_control/lib/python3.12/site-packages:${PYTHONPATH} /usr/bin/python3 -W ignore:setup.py install is deprecated -W ignore:easy_install command is deprecated setup.py egg_info --egg-base ../../build/human_control build --build-base /home/genesis/GENESIS_BOT2_/ros2_ws_rpi5/build/human_control/build install --record /home/genesis/GENESIS_BOT2_/ros2_ws_rpi5/build/human_control/install.log --single-version-externally-managed install_data
[3.697s] DEBUG:colcon.colcon_core.event_handler.log_command:Invoked command in '/home/genesis/GENESIS_BOT2_/ros2_ws_rpi5/src/human_control' returned '0': PYTHONPATH=/home/genesis/GENESIS_BOT2_/ros2_ws_rpi5/build/human_control/prefix_override:/usr/lib/python3/dist-packages/colcon_core/task/python/colcon_distutils_commands:/home/genesis/GENESIS_BOT2_/ros2_ws_rpi5/install/human_control/lib/python3.12/site-packages:${PYTHONPATH} /usr/bin/python3 -W ignore:setup.py install is deprecated -W ignore:easy_install command is deprecated setup.py egg_info --egg-base ../../build/human_control build --build-base /home/genesis/GENESIS_BOT2_/ros2_ws_rpi5/build/human_control/build install --record /home/genesis/GENESIS_BOT2_/ros2_ws_rpi5/build/human_control/install.log --single-version-externally-managed install_data
[3.702s] Level 1:colcon.colcon_core.environment:checking '/home/genesis/GENESIS_BOT2_/ros2_ws_rpi5/install/human_control' for CMake module files
[3.703s] Level 1:colcon.colcon_core.environment:checking '/home/genesis/GENESIS_BOT2_/ros2_ws_rpi5/install/human_control' for CMake config files
[3.707s] Level 1:colcon.colcon_core.environment:checking '/home/genesis/GENESIS_BOT2_/ros2_ws_rpi5/install/human_control/lib'
[3.710s] Level 1:colcon.colcon_core.environment:checking '/home/genesis/GENESIS_BOT2_/ros2_ws_rpi5/install/human_control/bin'
[3.710s] Level 1:colcon.colcon_core.environment:checking '/home/genesis/GENESIS_BOT2_/ros2_ws_rpi5/install/human_control/lib/pkgconfig/human_control.pc'
[3.711s] Level 1:colcon.colcon_core.environment:checking '/home/genesis/GENESIS_BOT2_/ros2_ws_rpi5/install/human_control/lib/python3.12/site-packages'
[3.711s] Level 1:colcon.colcon_core.shell:create_environment_hook('human_control', 'pythonpath')
[3.712s] INFO:colcon.colcon_core.shell:Creating environment hook '/home/genesis/GENESIS_BOT2_/ros2_ws_rpi5/install/human_control/share/human_control/hook/pythonpath.ps1'
[3.714s] INFO:colcon.colcon_core.shell:Creating environment descriptor '/home/genesis/GENESIS_BOT2_/ros2_ws_rpi5/install/human_control/share/human_control/hook/pythonpath.dsv'
[3.718s] INFO:colcon.colcon_core.shell:Creating environment hook '/home/genesis/GENESIS_BOT2_/ros2_ws_rpi5/install/human_control/share/human_control/hook/pythonpath.sh'
[3.725s] Level 1:colcon.colcon_core.environment:checking '/home/genesis/GENESIS_BOT2_/ros2_ws_rpi5/install/human_control/bin'
[3.725s] Level 1:colcon.colcon_core.environment:create_environment_scripts_only(human_control)
[3.726s] INFO:colcon.colcon_core.shell:Creating package script '/home/genesis/GENESIS_BOT2_/ros2_ws_rpi5/install/human_control/share/human_control/package.ps1'
[3.736s] INFO:colcon.colcon_core.shell:Creating package descriptor '/home/genesis/GENESIS_BOT2_/ros2_ws_rpi5/install/human_control/share/human_control/package.dsv'
[3.742s] INFO:colcon.colcon_core.shell:Creating package script '/home/genesis/GENESIS_BOT2_/ros2_ws_rpi5/install/human_control/share/human_control/package.sh'
[3.744s] INFO:colcon.colcon_core.shell:Creating package script '/home/genesis/GENESIS_BOT2_/ros2_ws_rpi5/install/human_control/share/human_control/package.bash'
[3.752s] INFO:colcon.colcon_core.shell:Creating package script '/home/genesis/GENESIS_BOT2_/ros2_ws_rpi5/install/human_control/share/human_control/package.zsh'
[3.759s] Level 1:colcon.colcon_core.environment:create_file_with_runtime_dependencies(/home/genesis/GENESIS_BOT2_/ros2_ws_rpi5/install/human_control/share/colcon-core/packages/human_control)
[3.766s] Level 1:colcon.colcon_core.environment:checking '/home/genesis/GENESIS_BOT2_/ros2_ws_rpi5/install/good_boy_mode' for CMake module files
[3.767s] Level 1:colcon.colcon_core.environment:checking '/home/genesis/GENESIS_BOT2_/ros2_ws_rpi5/install/good_boy_mode' for CMake config files
[3.768s] DEBUG:colcon.colcon_core.event_handler.log_command:Invoked command in '/home/genesis/GENESIS_BOT2_/ros2_ws_rpi5/src/good_boy_mode' returned '0': PYTHONPATH=/home/genesis/GENESIS_BOT2_/ros2_ws_rpi5/build/good_boy_mode/prefix_override:/usr/lib/python3/dist-packages/colcon_core/task/python/colcon_distutils_commands:/home/genesis/GENESIS_BOT2_/ros2_ws_rpi5/install/good_boy_mode/lib/python3.12/site-packages:${PYTHONPATH} /usr/bin/python3 -W ignore:setup.py install is deprecated -W ignore:easy_install command is deprecated setup.py egg_info --egg-base ../../build/good_boy_mode build --build-base /home/genesis/GENESIS_BOT2_/ros2_ws_rpi5/build/good_boy_mode/build install --record /home/genesis/GENESIS_BOT2_/ros2_ws_rpi5/build/good_boy_mode/install.log --single-version-externally-managed install_data
[3.770s] Level 1:colcon.colcon_core.environment:checking '/home/genesis/GENESIS_BOT2_/ros2_ws_rpi5/install/good_boy_mode/lib'
[3.770s] Level 1:colcon.colcon_core.environment:checking '/home/genesis/GENESIS_BOT2_/ros2_ws_rpi5/install/good_boy_mode/bin'
[3.770s] Level 1:colcon.colcon_core.environment:checking '/home/genesis/GENESIS_BOT2_/ros2_ws_rpi5/install/good_boy_mode/lib/pkgconfig/good_boy_mode.pc'
[3.770s] Level 1:colcon.colcon_core.environment:checking '/home/genesis/GENESIS_BOT2_/ros2_ws_rpi5/install/good_boy_mode/lib/python3.12/site-packages'
[3.770s] Level 1:colcon.colcon_core.shell:create_environment_hook('good_boy_mode', 'pythonpath')
[3.771s] INFO:colcon.colcon_core.shell:Creating environment hook '/home/genesis/GENESIS_BOT2_/ros2_ws_rpi5/install/good_boy_mode/share/good_boy_mode/hook/pythonpath.ps1'
[3.771s] INFO:colcon.colcon_core.shell:Creating environment descriptor '/home/genesis/GENESIS_BOT2_/ros2_ws_rpi5/install/good_boy_mode/share/good_boy_mode/hook/pythonpath.dsv'
[3.778s] INFO:colcon.colcon_core.shell:Creating environment hook '/home/genesis/GENESIS_BOT2_/ros2_ws_rpi5/install/good_boy_mode/share/good_boy_mode/hook/pythonpath.sh'
[3.781s] Level 1:colcon.colcon_core.environment:checking '/home/genesis/GENESIS_BOT2_/ros2_ws_rpi5/install/good_boy_mode/bin'
[3.781s] Level 1:colcon.colcon_core.environment:create_environment_scripts_only(good_boy_mode)
[3.782s] INFO:colcon.colcon_core.shell:Creating package script '/home/genesis/GENESIS_BOT2_/ros2_ws_rpi5/install/good_boy_mode/share/good_boy_mode/package.ps1'
[3.783s] INFO:colcon.colcon_core.shell:Creating package descriptor '/home/genesis/GENESIS_BOT2_/ros2_ws_rpi5/install/good_boy_mode/share/good_boy_mode/package.dsv'
[3.786s] INFO:colcon.colcon_core.shell:Creating package script '/home/genesis/GENESIS_BOT2_/ros2_ws_rpi5/install/good_boy_mode/share/good_boy_mode/package.sh'
[3.788s] INFO:colcon.colcon_core.shell:Creating package script '/home/genesis/GENESIS_BOT2_/ros2_ws_rpi5/install/good_boy_mode/share/good_boy_mode/package.bash'
[3.789s] INFO:colcon.colcon_core.shell:Creating package script '/home/genesis/GENESIS_BOT2_/ros2_ws_rpi5/install/good_boy_mode/share/good_boy_mode/package.zsh'
[3.790s] Level 1:colcon.colcon_core.environment:create_file_with_runtime_dependencies(/home/genesis/GENESIS_BOT2_/ros2_ws_rpi5/install/good_boy_mode/share/colcon-core/packages/good_boy_mode)
[3.792s] DEBUG:colcon.colcon_parallel_executor.executor.parallel:closing loop
[3.792s] DEBUG:colcon.colcon_parallel_executor.executor.parallel:loop closed
[3.792s] DEBUG:colcon.colcon_parallel_executor.executor.parallel:run_until_complete finished with '0'
[3.792s] DEBUG:colcon.colcon_core.event_reactor:joining thread
[3.827s] INFO:colcon.colcon_core.plugin_system:Skipping extension 'colcon_notification.desktop_notification.terminal_notifier': Not used on non-Darwin systems
[3.828s] INFO:colcon.colcon_core.plugin_system:Skipping extension 'colcon_notification.desktop_notification.win32': Not used on non-Windows systems
[3.828s] INFO:colcon.colcon_notification.desktop_notification:Sending desktop notification using 'notify2'
[3.886s] DEBUG:colcon.colcon_core.event_reactor:joined thread
[3.887s] INFO:colcon.colcon_core.shell:Creating prefix script '/home/genesis/GENESIS_BOT2_/ros2_ws_rpi5/install/local_setup.ps1'
[3.889s] INFO:colcon.colcon_core.shell:Creating prefix util module '/home/genesis/GENESIS_BOT2_/ros2_ws_rpi5/install/_local_setup_util_ps1.py'
[3.893s] INFO:colcon.colcon_core.shell:Creating prefix chain script '/home/genesis/GENESIS_BOT2_/ros2_ws_rpi5/install/setup.ps1'
[3.898s] INFO:colcon.colcon_core.shell:Creating prefix script '/home/genesis/GENESIS_BOT2_/ros2_ws_rpi5/install/local_setup.sh'
[3.901s] INFO:colcon.colcon_core.shell:Creating prefix util module '/home/genesis/GENESIS_BOT2_/ros2_ws_rpi5/install/_local_setup_util_sh.py'
[3.904s] INFO:colcon.colcon_core.shell:Creating prefix chain script '/home/genesis/GENESIS_BOT2_/ros2_ws_rpi5/install/setup.sh'
[3.907s] INFO:colcon.colcon_core.shell:Creating prefix script '/home/genesis/GENESIS_BOT2_/ros2_ws_rpi5/install/local_setup.bash'
[3.909s] INFO:colcon.colcon_core.shell:Creating prefix chain script '/home/genesis/GENESIS_BOT2_/ros2_ws_rpi5/install/setup.bash'
[3.911s] INFO:colcon.colcon_core.shell:Creating prefix script '/home/genesis/GENESIS_BOT2_/ros2_ws_rpi5/install/local_setup.zsh'
[3.912s] INFO:colcon.colcon_core.shell:Creating prefix chain script '/home/genesis/GENESIS_BOT2_/ros2_ws_rpi5/install/setup.zsh'
