[2.105s] Invoking command in '/home/genesis/GENESIS_BOT2_/ros2_ws_rpi5/src/human_control': PYTHONPATH=/home/genesis/GENESIS_BOT2_/ros2_ws_rpi5/build/human_control/prefix_override:/usr/lib/python3/dist-packages/colcon_core/task/python/colcon_distutils_commands:/home/genesis/GENESIS_BOT2_/ros2_ws_rpi5/install/human_control/lib/python3.12/site-packages:${PYTHONPATH} /usr/bin/python3 -W ignore:setup.py install is deprecated -W ignore:easy_install command is deprecated setup.py egg_info --egg-base ../../build/human_control build --build-base /home/genesis/GENESIS_BOT2_/ros2_ws_rpi5/build/human_control/build install --record /home/genesis/GENESIS_BOT2_/ros2_ws_rpi5/build/human_control/install.log --single-version-externally-managed install_data
[2.529s] running egg_info
[2.556s] writing ../../build/human_control/human_control.egg-info/PKG-INFO
[2.559s] writing dependency_links to ../../build/human_control/human_control.egg-info/dependency_links.txt
[2.560s] writing entry points to ../../build/human_control/human_control.egg-info/entry_points.txt
[2.561s] writing requirements to ../../build/human_control/human_control.egg-info/requires.txt
[2.562s] writing top-level names to ../../build/human_control/human_control.egg-info/top_level.txt
[2.621s] reading manifest file '../../build/human_control/human_control.egg-info/SOURCES.txt'
[2.622s] writing manifest file '../../build/human_control/human_control.egg-info/SOURCES.txt'
[2.622s] running build
[2.623s] running build_py
[2.623s] running install
[2.633s] running install_lib
[2.661s] running install_data
[2.661s] running install_egg_info
[2.694s] removing '/home/genesis/GENESIS_BOT2_/ros2_ws_rpi5/install/human_control/lib/python3.12/site-packages/human_control-0.0.0-py3.12.egg-info' (and everything under it)
[2.695s] Copying ../../build/human_control/human_control.egg-info to /home/genesis/GENESIS_BOT2_/ros2_ws_rpi5/install/human_control/lib/python3.12/site-packages/human_control-0.0.0-py3.12.egg-info
[2.696s] running install_scripts
[2.900s] Installing camera_publisher script to /home/genesis/GENESIS_BOT2_/ros2_ws_rpi5/install/human_control/lib/human_control
[2.900s] Installing controller_to_serial script to /home/genesis/GENESIS_BOT2_/ros2_ws_rpi5/install/human_control/lib/human_control
[2.907s] writing list of installed files to '/home/genesis/GENESIS_BOT2_/ros2_ws_rpi5/build/human_control/install.log'
[3.023s] Invoked command in '/home/genesis/GENESIS_BOT2_/ros2_ws_rpi5/src/human_control' returned '0': PYTHONPATH=/home/genesis/GENESIS_BOT2_/ros2_ws_rpi5/build/human_control/prefix_override:/usr/lib/python3/dist-packages/colcon_core/task/python/colcon_distutils_commands:/home/genesis/GENESIS_BOT2_/ros2_ws_rpi5/install/human_control/lib/python3.12/site-packages:${PYTHONPATH} /usr/bin/python3 -W ignore:setup.py install is deprecated -W ignore:easy_install command is deprecated setup.py egg_info --egg-base ../../build/human_control build --build-base /home/genesis/GENESIS_BOT2_/ros2_ws_rpi5/build/human_control/build install --record /home/genesis/GENESIS_BOT2_/ros2_ws_rpi5/build/human_control/install.log --single-version-externally-managed install_data
