[2.174s] Invoking command in '/home/genesis/GENESIS_BOT2_/ros2_ws_rpi5/src/human_control': PYTHONPATH=/home/genesis/GENESIS_BOT2_/ros2_ws_rpi5/build/human_control/prefix_override:/usr/lib/python3/dist-packages/colcon_core/task/python/colcon_distutils_commands:/home/genesis/GENESIS_BOT2_/ros2_ws_rpi5/install/human_control/lib/python3.12/site-packages:${PYTHONPATH} /usr/bin/python3 -W ignore:setup.py install is deprecated -W ignore:easy_install command is deprecated setup.py egg_info --egg-base ../../build/human_control build --build-base /home/genesis/GENESIS_BOT2_/ros2_ws_rpi5/build/human_control/build install --record /home/genesis/GENESIS_BOT2_/ros2_ws_rpi5/build/human_control/install.log --single-version-externally-managed install_data
[2.807s] running egg_info
[2.841s] writing ../../build/human_control/human_control.egg-info/PKG-INFO
[2.842s] writing dependency_links to ../../build/human_control/human_control.egg-info/dependency_links.txt
[2.845s] writing entry points to ../../build/human_control/human_control.egg-info/entry_points.txt
[2.845s] writing requirements to ../../build/human_control/human_control.egg-info/requires.txt
[2.846s] writing top-level names to ../../build/human_control/human_control.egg-info/top_level.txt
[2.916s] reading manifest file '../../build/human_control/human_control.egg-info/SOURCES.txt'
[2.917s] writing manifest file '../../build/human_control/human_control.egg-info/SOURCES.txt'
[2.917s] running build
[2.917s] running build_py
[2.917s] copying human_control/camera_publisher.py -> /home/genesis/GENESIS_BOT2_/ros2_ws_rpi5/build/human_control/build/lib/human_control
[2.918s] running install
[2.929s] running install_lib
[2.966s] copying /home/genesis/GENESIS_BOT2_/ros2_ws_rpi5/build/human_control/build/lib/human_control/camera_publisher.py -> /home/genesis/GENESIS_BOT2_/ros2_ws_rpi5/install/human_control/lib/python3.12/site-packages/human_control
[2.968s] byte-compiling /home/genesis/GENESIS_BOT2_/ros2_ws_rpi5/install/human_control/lib/python3.12/site-packages/human_control/camera_publisher.py to camera_publisher.cpython-312.pyc
[2.971s] running install_data
[2.971s] running install_egg_info
[3.005s] removing '/home/genesis/GENESIS_BOT2_/ros2_ws_rpi5/install/human_control/lib/python3.12/site-packages/human_control-0.0.0-py3.12.egg-info' (and everything under it)
[3.006s] Copying ../../build/human_control/human_control.egg-info to /home/genesis/GENESIS_BOT2_/ros2_ws_rpi5/install/human_control/lib/python3.12/site-packages/human_control-0.0.0-py3.12.egg-info
[3.007s] running install_scripts
[3.259s] Installing camera_publisher script to /home/genesis/GENESIS_BOT2_/ros2_ws_rpi5/install/human_control/lib/human_control
[3.259s] Installing controller_to_serial script to /home/genesis/GENESIS_BOT2_/ros2_ws_rpi5/install/human_control/lib/human_control
[3.263s] writing list of installed files to '/home/genesis/GENESIS_BOT2_/ros2_ws_rpi5/build/human_control/install.log'
[3.404s] Invoked command in '/home/genesis/GENESIS_BOT2_/ros2_ws_rpi5/src/human_control' returned '0': PYTHONPATH=/home/genesis/GENESIS_BOT2_/ros2_ws_rpi5/build/human_control/prefix_override:/usr/lib/python3/dist-packages/colcon_core/task/python/colcon_distutils_commands:/home/genesis/GENESIS_BOT2_/ros2_ws_rpi5/install/human_control/lib/python3.12/site-packages:${PYTHONPATH} /usr/bin/python3 -W ignore:setup.py install is deprecated -W ignore:easy_install command is deprecated setup.py egg_info --egg-base ../../build/human_control build --build-base /home/genesis/GENESIS_BOT2_/ros2_ws_rpi5/build/human_control/build install --record /home/genesis/GENESIS_BOT2_/ros2_ws_rpi5/build/human_control/install.log --single-version-externally-managed install_data
