[0.156s] DEBUG:colcon:Command line arguments: ['/usr/bin/colcon', 'build']
[0.156s] DEBUG:colcon:Parsed command line arguments: Namespace(log_base=None, log_level=None, verb_name='build', build_base='build', install_base='install', merge_install=False, symlink_install=False, test_result_base=None, continue_on_error=False, executor='parallel', parallel_workers=4, event_handlers=None, ignore_user_meta=False, metas=['./colcon.meta'], base_paths=['.'], packages_ignore=None, packages_ignore_regex=None, paths=None, packages_up_to=None, packages_up_to_regex=None, packages_above=None, packages_above_and_dependencies=None, packages_above_depth=None, packages_select_by_dep=None, packages_skip_by_dep=None, packages_skip_up_to=None, packages_select_build_failed=False, packages_skip_build_finished=False, packages_select_test_failures=False, packages_skip_test_passed=False, packages_select=None, packages_skip=None, packages_select_regex=None, packages_skip_regex=None, packages_start=None, packages_end=None, allow_overriding=[], cmake_args=None, cmake_target=None, cmake_target_skip_unavailable=False, cmake_clean_cache=False, cmake_clean_first=False, cmake_force_configure=False, ament_cmake_args=None, catkin_cmake_args=None, catkin_skip_building_tests=False, mixin_files=None, mixin=None, verb_parser=<colcon_mixin.mixin.mixin_argument.MixinArgumentDecorator object at 0xffff9af2de80>, verb_extension=<colcon_core.verb.build.BuildVerb object at 0xffff9b0ee570>, main=<bound method BuildVerb.main of <colcon_core.verb.build.BuildVerb object at 0xffff9b0ee570>>, mixin_verb=('build',))
[0.213s] Level 1:colcon.colcon_core.package_discovery:discover_packages(colcon_meta) check parameters
[0.214s] Level 1:colcon.colcon_core.package_discovery:discover_packages(recursive) check parameters
[0.214s] Level 1:colcon.colcon_core.package_discovery:discover_packages(ignore) check parameters
[0.214s] Level 1:colcon.colcon_core.package_discovery:discover_packages(path) check parameters
[0.214s] Level 1:colcon.colcon_core.package_discovery:discover_packages(colcon_meta) discover
[0.214s] Level 1:colcon.colcon_core.package_discovery:discover_packages(recursive) discover
[0.214s] INFO:colcon.colcon_core.package_discovery:Crawling recursively for packages in '/home/genesis/GENESIS_BOT2_/ros2_ws_rpi5'
[0.214s] Level 1:colcon.colcon_core.package_identification:_identify(.) by extensions ['ignore', 'ignore_ament_install']
[0.214s] Level 1:colcon.colcon_core.package_identification:_identify(.) by extension 'ignore'
[0.214s] Level 1:colcon.colcon_core.package_identification:_identify(.) by extension 'ignore_ament_install'
[0.214s] Level 1:colcon.colcon_core.package_identification:_identify(.) by extensions ['colcon_pkg']
[0.214s] Level 1:colcon.colcon_core.package_identification:_identify(.) by extension 'colcon_pkg'
[0.214s] Level 1:colcon.colcon_core.package_identification:_identify(.) by extensions ['colcon_meta']
[0.214s] Level 1:colcon.colcon_core.package_identification:_identify(.) by extension 'colcon_meta'
[0.214s] Level 1:colcon.colcon_core.package_identification:_identify(.) by extensions ['ros']
[0.214s] Level 1:colcon.colcon_core.package_identification:_identify(.) by extension 'ros'
[0.254s] Level 1:colcon.colcon_core.package_identification:_identify(.) by extensions ['cmake', 'python']
[0.254s] Level 1:colcon.colcon_core.package_identification:_identify(.) by extension 'cmake'
[0.254s] Level 1:colcon.colcon_core.package_identification:_identify(.) by extension 'python'
[0.254s] Level 1:colcon.colcon_core.package_identification:_identify(.) by extensions ['python_setup_py']
[0.254s] Level 1:colcon.colcon_core.package_identification:_identify(.) by extension 'python_setup_py'
[0.254s] Level 1:colcon.colcon_core.package_identification:_identify(build) by extensions ['ignore', 'ignore_ament_install']
[0.254s] Level 1:colcon.colcon_core.package_identification:_identify(build) by extension 'ignore'
[0.254s] Level 1:colcon.colcon_core.package_identification:_identify(build) ignored
[0.255s] Level 1:colcon.colcon_core.package_identification:_identify(install) by extensions ['ignore', 'ignore_ament_install']
[0.255s] Level 1:colcon.colcon_core.package_identification:_identify(install) by extension 'ignore'
[0.255s] Level 1:colcon.colcon_core.package_identification:_identify(install) ignored
[0.255s] Level 1:colcon.colcon_core.package_identification:_identify(log) by extensions ['ignore', 'ignore_ament_install']
[0.255s] Level 1:colcon.colcon_core.package_identification:_identify(log) by extension 'ignore'
[0.255s] Level 1:colcon.colcon_core.package_identification:_identify(log) ignored
[0.255s] Level 1:colcon.colcon_core.package_identification:_identify(src) by extensions ['ignore', 'ignore_ament_install']
[0.255s] Level 1:colcon.colcon_core.package_identification:_identify(src) by extension 'ignore'
[0.255s] Level 1:colcon.colcon_core.package_identification:_identify(src) by extension 'ignore_ament_install'
[0.255s] Level 1:colcon.colcon_core.package_identification:_identify(src) by extensions ['colcon_pkg']
[0.255s] Level 1:colcon.colcon_core.package_identification:_identify(src) by extension 'colcon_pkg'
[0.255s] Level 1:colcon.colcon_core.package_identification:_identify(src) by extensions ['colcon_meta']
[0.255s] Level 1:colcon.colcon_core.package_identification:_identify(src) by extension 'colcon_meta'
[0.255s] Level 1:colcon.colcon_core.package_identification:_identify(src) by extensions ['ros']
[0.255s] Level 1:colcon.colcon_core.package_identification:_identify(src) by extension 'ros'
[0.256s] Level 1:colcon.colcon_core.package_identification:_identify(src) by extensions ['cmake', 'python']
[0.256s] Level 1:colcon.colcon_core.package_identification:_identify(src) by extension 'cmake'
[0.256s] Level 1:colcon.colcon_core.package_identification:_identify(src) by extension 'python'
[0.256s] Level 1:colcon.colcon_core.package_identification:_identify(src) by extensions ['python_setup_py']
[0.256s] Level 1:colcon.colcon_core.package_identification:_identify(src) by extension 'python_setup_py'
[0.256s] Level 1:colcon.colcon_core.package_identification:_identify(src/good_boy_mode) by extensions ['ignore', 'ignore_ament_install']
[0.256s] Level 1:colcon.colcon_core.package_identification:_identify(src/good_boy_mode) by extension 'ignore'
[0.256s] Level 1:colcon.colcon_core.package_identification:_identify(src/good_boy_mode) by extension 'ignore_ament_install'
[0.256s] Level 1:colcon.colcon_core.package_identification:_identify(src/good_boy_mode) by extensions ['colcon_pkg']
[0.256s] Level 1:colcon.colcon_core.package_identification:_identify(src/good_boy_mode) by extension 'colcon_pkg'
[0.256s] Level 1:colcon.colcon_core.package_identification:_identify(src/good_boy_mode) by extensions ['colcon_meta']
[0.256s] Level 1:colcon.colcon_core.package_identification:_identify(src/good_boy_mode) by extension 'colcon_meta'
[0.256s] Level 1:colcon.colcon_core.package_identification:_identify(src/good_boy_mode) by extensions ['ros']
[0.256s] Level 1:colcon.colcon_core.package_identification:_identify(src/good_boy_mode) by extension 'ros'
[0.259s] DEBUG:colcon.colcon_core.package_identification:Package 'src/good_boy_mode' with type 'ros.ament_python' and name 'good_boy_mode'
[0.259s] Level 1:colcon.colcon_core.package_identification:_identify(src/human_control) by extensions ['ignore', 'ignore_ament_install']
[0.259s] Level 1:colcon.colcon_core.package_identification:_identify(src/human_control) by extension 'ignore'
[0.260s] Level 1:colcon.colcon_core.package_identification:_identify(src/human_control) by extension 'ignore_ament_install'
[0.260s] Level 1:colcon.colcon_core.package_identification:_identify(src/human_control) by extensions ['colcon_pkg']
[0.260s] Level 1:colcon.colcon_core.package_identification:_identify(src/human_control) by extension 'colcon_pkg'
[0.260s] Level 1:colcon.colcon_core.package_identification:_identify(src/human_control) by extensions ['colcon_meta']
[0.260s] Level 1:colcon.colcon_core.package_identification:_identify(src/human_control) by extension 'colcon_meta'
[0.260s] Level 1:colcon.colcon_core.package_identification:_identify(src/human_control) by extensions ['ros']
[0.260s] Level 1:colcon.colcon_core.package_identification:_identify(src/human_control) by extension 'ros'
[0.261s] DEBUG:colcon.colcon_core.package_identification:Package 'src/human_control' with type 'ros.ament_python' and name 'human_control'
[0.261s] Level 1:colcon.colcon_core.package_discovery:discover_packages(recursive) using defaults
[0.261s] Level 1:colcon.colcon_core.package_discovery:discover_packages(ignore) discover
[0.261s] Level 1:colcon.colcon_core.package_discovery:discover_packages(ignore) using defaults
[0.261s] Level 1:colcon.colcon_core.package_discovery:discover_packages(path) discover
[0.261s] Level 1:colcon.colcon_core.package_discovery:discover_packages(path) using defaults
[0.286s] Level 1:colcon.colcon_core.package_discovery:discover_packages(prefix_path) check parameters
[0.286s] Level 1:colcon.colcon_core.package_discovery:discover_packages(prefix_path) discover
[0.288s] DEBUG:colcon.colcon_installed_package_information.package_discovery:Found 2 installed packages in /home/genesis/GENESIS_BOT2_/ros2_ws_rpi5/install
[0.290s] DEBUG:colcon.colcon_installed_package_information.package_discovery:Found 328 installed packages in /opt/ros/jazzy
[0.293s] Level 1:colcon.colcon_core.package_discovery:discover_packages(prefix_path) using defaults
[0.360s] Level 5:colcon.colcon_core.verb:set package 'good_boy_mode' build argument 'cmake_args' from command line to 'None'
[0.360s] Level 5:colcon.colcon_core.verb:set package 'good_boy_mode' build argument 'cmake_target' from command line to 'None'
[0.360s] Level 5:colcon.colcon_core.verb:set package 'good_boy_mode' build argument 'cmake_target_skip_unavailable' from command line to 'False'
[0.360s] Level 5:colcon.colcon_core.verb:set package 'good_boy_mode' build argument 'cmake_clean_cache' from command line to 'False'
[0.360s] Level 5:colcon.colcon_core.verb:set package 'good_boy_mode' build argument 'cmake_clean_first' from command line to 'False'
[0.360s] Level 5:colcon.colcon_core.verb:set package 'good_boy_mode' build argument 'cmake_force_configure' from command line to 'False'
[0.360s] Level 5:colcon.colcon_core.verb:set package 'good_boy_mode' build argument 'ament_cmake_args' from command line to 'None'
[0.360s] Level 5:colcon.colcon_core.verb:set package 'good_boy_mode' build argument 'catkin_cmake_args' from command line to 'None'
[0.360s] Level 5:colcon.colcon_core.verb:set package 'good_boy_mode' build argument 'catkin_skip_building_tests' from command line to 'False'
[0.360s] DEBUG:colcon.colcon_core.verb:Building package 'good_boy_mode' with the following arguments: {'ament_cmake_args': None, 'build_base': '/home/genesis/GENESIS_BOT2_/ros2_ws_rpi5/build/good_boy_mode', 'catkin_cmake_args': None, 'catkin_skip_building_tests': False, 'cmake_args': None, 'cmake_clean_cache': False, 'cmake_clean_first': False, 'cmake_force_configure': False, 'cmake_target': None, 'cmake_target_skip_unavailable': False, 'install_base': '/home/genesis/GENESIS_BOT2_/ros2_ws_rpi5/install/good_boy_mode', 'merge_install': False, 'path': '/home/genesis/GENESIS_BOT2_/ros2_ws_rpi5/src/good_boy_mode', 'symlink_install': False, 'test_result_base': None}
[0.360s] Level 5:colcon.colcon_core.verb:set package 'human_control' build argument 'cmake_args' from command line to 'None'
[0.360s] Level 5:colcon.colcon_core.verb:set package 'human_control' build argument 'cmake_target' from command line to 'None'
[0.360s] Level 5:colcon.colcon_core.verb:set package 'human_control' build argument 'cmake_target_skip_unavailable' from command line to 'False'
[0.360s] Level 5:colcon.colcon_core.verb:set package 'human_control' build argument 'cmake_clean_cache' from command line to 'False'
[0.360s] Level 5:colcon.colcon_core.verb:set package 'human_control' build argument 'cmake_clean_first' from command line to 'False'
[0.360s] Level 5:colcon.colcon_core.verb:set package 'human_control' build argument 'cmake_force_configure' from command line to 'False'
[0.360s] Level 5:colcon.colcon_core.verb:set package 'human_control' build argument 'ament_cmake_args' from command line to 'None'
[0.361s] Level 5:colcon.colcon_core.verb:set package 'human_control' build argument 'catkin_cmake_args' from command line to 'None'
[0.361s] Level 5:colcon.colcon_core.verb:set package 'human_control' build argument 'catkin_skip_building_tests' from command line to 'False'
[0.361s] DEBUG:colcon.colcon_core.verb:Building package 'human_control' with the following arguments: {'ament_cmake_args': None, 'build_base': '/home/genesis/GENESIS_BOT2_/ros2_ws_rpi5/build/human_control', 'catkin_cmake_args': None, 'catkin_skip_building_tests': False, 'cmake_args': None, 'cmake_clean_cache': False, 'cmake_clean_first': False, 'cmake_force_configure': False, 'cmake_target': None, 'cmake_target_skip_unavailable': False, 'install_base': '/home/genesis/GENESIS_BOT2_/ros2_ws_rpi5/install/human_control', 'merge_install': False, 'path': '/home/genesis/GENESIS_BOT2_/ros2_ws_rpi5/src/human_control', 'symlink_install': False, 'test_result_base': None}
[0.361s] INFO:colcon.colcon_core.executor:Executing jobs using 'parallel' executor
[0.362s] DEBUG:colcon.colcon_parallel_executor.executor.parallel:run_until_complete
[0.362s] INFO:colcon.colcon_ros.task.ament_python.build:Building ROS package in '/home/genesis/GENESIS_BOT2_/ros2_ws_rpi5/src/good_boy_mode' with build type 'ament_python'
[0.363s] Level 1:colcon.colcon_core.shell:create_environment_hook('good_boy_mode', 'ament_prefix_path')
[0.369s] INFO:colcon.colcon_core.plugin_system:Skipping extension 'colcon_core.shell.bat': Not used on non-Windows systems
[0.370s] INFO:colcon.colcon_core.shell:Creating environment hook '/home/genesis/GENESIS_BOT2_/ros2_ws_rpi5/install/good_boy_mode/share/good_boy_mode/hook/ament_prefix_path.ps1'
[0.372s] INFO:colcon.colcon_core.shell:Creating environment descriptor '/home/genesis/GENESIS_BOT2_/ros2_ws_rpi5/install/good_boy_mode/share/good_boy_mode/hook/ament_prefix_path.dsv'
[0.376s] INFO:colcon.colcon_core.shell:Creating environment hook '/home/genesis/GENESIS_BOT2_/ros2_ws_rpi5/install/good_boy_mode/share/good_boy_mode/hook/ament_prefix_path.sh'
[0.378s] INFO:colcon.colcon_core.shell:Skip shell extension 'powershell' for command environment: Not usable outside of PowerShell
[0.378s] DEBUG:colcon.colcon_core.shell:Skip shell extension 'dsv' for command environment
[0.384s] INFO:colcon.colcon_ros.task.ament_python.build:Building ROS package in '/home/genesis/GENESIS_BOT2_/ros2_ws_rpi5/src/human_control' with build type 'ament_python'
[0.384s] Level 1:colcon.colcon_core.shell:create_environment_hook('human_control', 'ament_prefix_path')
[0.384s] INFO:colcon.colcon_core.shell:Creating environment hook '/home/genesis/GENESIS_BOT2_/ros2_ws_rpi5/install/human_control/share/human_control/hook/ament_prefix_path.ps1'
[0.385s] INFO:colcon.colcon_core.shell:Creating environment descriptor '/home/genesis/GENESIS_BOT2_/ros2_ws_rpi5/install/human_control/share/human_control/hook/ament_prefix_path.dsv'
[0.386s] INFO:colcon.colcon_core.shell:Creating environment hook '/home/genesis/GENESIS_BOT2_/ros2_ws_rpi5/install/human_control/share/human_control/hook/ament_prefix_path.sh'
[0.387s] INFO:colcon.colcon_core.shell:Skip shell extension 'powershell' for command environment: Not usable outside of PowerShell
[0.387s] DEBUG:colcon.colcon_core.shell:Skip shell extension 'dsv' for command environment
[0.771s] INFO:colcon.colcon_core.task.python.build:Building Python package in '/home/genesis/GENESIS_BOT2_/ros2_ws_rpi5/src/good_boy_mode'
[0.772s] INFO:colcon.colcon_core.shell:Skip shell extension 'powershell' for command environment: Not usable outside of PowerShell
[0.772s] DEBUG:colcon.colcon_core.shell:Skip shell extension 'dsv' for command environment
[1.293s] INFO:colcon.colcon_core.task.python.build:Building Python package in '/home/genesis/GENESIS_BOT2_/ros2_ws_rpi5/src/human_control'
[1.294s] INFO:colcon.colcon_core.shell:Skip shell extension 'powershell' for command environment: Not usable outside of PowerShell
[1.294s] DEBUG:colcon.colcon_core.shell:Skip shell extension 'dsv' for command environment
[2.459s] DEBUG:colcon.colcon_core.event_handler.log_command:Invoking command in '/home/genesis/GENESIS_BOT2_/ros2_ws_rpi5/src/human_control': PYTHONPATH=/home/genesis/GENESIS_BOT2_/ros2_ws_rpi5/build/human_control/prefix_override:/usr/lib/python3/dist-packages/colcon_core/task/python/colcon_distutils_commands:/home/genesis/GENESIS_BOT2_/ros2_ws_rpi5/install/human_control/lib/python3.12/site-packages:${PYTHONPATH} /usr/bin/python3 -W ignore:setup.py install is deprecated -W ignore:easy_install command is deprecated setup.py egg_info --egg-base ../../build/human_control build --build-base /home/genesis/GENESIS_BOT2_/ros2_ws_rpi5/build/human_control/build install --record /home/genesis/GENESIS_BOT2_/ros2_ws_rpi5/build/human_control/install.log --single-version-externally-managed install_data
[2.487s] DEBUG:colcon.colcon_core.event_handler.log_command:Invoking command in '/home/genesis/GENESIS_BOT2_/ros2_ws_rpi5/src/good_boy_mode': PYTHONPATH=/home/genesis/GENESIS_BOT2_/ros2_ws_rpi5/build/good_boy_mode/prefix_override:/usr/lib/python3/dist-packages/colcon_core/task/python/colcon_distutils_commands:/home/genesis/GENESIS_BOT2_/ros2_ws_rpi5/install/good_boy_mode/lib/python3.12/site-packages:${PYTHONPATH} /usr/bin/python3 -W ignore:setup.py install is deprecated -W ignore:easy_install command is deprecated setup.py egg_info --egg-base ../../build/good_boy_mode build --build-base /home/genesis/GENESIS_BOT2_/ros2_ws_rpi5/build/good_boy_mode/build install --record /home/genesis/GENESIS_BOT2_/ros2_ws_rpi5/build/good_boy_mode/install.log --single-version-externally-managed install_data
[3.402s] DEBUG:colcon.colcon_core.event_handler.log_command:Invoked command in '/home/genesis/GENESIS_BOT2_/ros2_ws_rpi5/src/human_control' returned '0': PYTHONPATH=/home/genesis/GENESIS_BOT2_/ros2_ws_rpi5/build/human_control/prefix_override:/usr/lib/python3/dist-packages/colcon_core/task/python/colcon_distutils_commands:/home/genesis/GENESIS_BOT2_/ros2_ws_rpi5/install/human_control/lib/python3.12/site-packages:${PYTHONPATH} /usr/bin/python3 -W ignore:setup.py install is deprecated -W ignore:easy_install command is deprecated setup.py egg_info --egg-base ../../build/human_control build --build-base /home/genesis/GENESIS_BOT2_/ros2_ws_rpi5/build/human_control/build install --record /home/genesis/GENESIS_BOT2_/ros2_ws_rpi5/build/human_control/install.log --single-version-externally-managed install_data
[3.405s] Level 1:colcon.colcon_core.environment:checking '/home/genesis/GENESIS_BOT2_/ros2_ws_rpi5/install/human_control' for CMake module files
[3.406s] Level 1:colcon.colcon_core.environment:checking '/home/genesis/GENESIS_BOT2_/ros2_ws_rpi5/install/human_control' for CMake config files
[3.407s] Level 1:colcon.colcon_core.environment:checking '/home/genesis/GENESIS_BOT2_/ros2_ws_rpi5/install/human_control/lib'
[3.407s] Level 1:colcon.colcon_core.environment:checking '/home/genesis/GENESIS_BOT2_/ros2_ws_rpi5/install/human_control/bin'
[3.407s] Level 1:colcon.colcon_core.environment:checking '/home/genesis/GENESIS_BOT2_/ros2_ws_rpi5/install/human_control/lib/pkgconfig/human_control.pc'
[3.408s] Level 1:colcon.colcon_core.environment:checking '/home/genesis/GENESIS_BOT2_/ros2_ws_rpi5/install/human_control/lib/python3.12/site-packages'
[3.408s] Level 1:colcon.colcon_core.shell:create_environment_hook('human_control', 'pythonpath')
[3.408s] INFO:colcon.colcon_core.shell:Creating environment hook '/home/genesis/GENESIS_BOT2_/ros2_ws_rpi5/install/human_control/share/human_control/hook/pythonpath.ps1'
[3.409s] INFO:colcon.colcon_core.shell:Creating environment descriptor '/home/genesis/GENESIS_BOT2_/ros2_ws_rpi5/install/human_control/share/human_control/hook/pythonpath.dsv'
[3.410s] INFO:colcon.colcon_core.shell:Creating environment hook '/home/genesis/GENESIS_BOT2_/ros2_ws_rpi5/install/human_control/share/human_control/hook/pythonpath.sh'
[3.411s] Level 1:colcon.colcon_core.environment:checking '/home/genesis/GENESIS_BOT2_/ros2_ws_rpi5/install/human_control/bin'
[3.411s] Level 1:colcon.colcon_core.environment:create_environment_scripts_only(human_control)
[3.411s] INFO:colcon.colcon_core.shell:Creating package script '/home/genesis/GENESIS_BOT2_/ros2_ws_rpi5/install/human_control/share/human_control/package.ps1'
[3.412s] INFO:colcon.colcon_core.shell:Creating package descriptor '/home/genesis/GENESIS_BOT2_/ros2_ws_rpi5/install/human_control/share/human_control/package.dsv'
[3.413s] INFO:colcon.colcon_core.shell:Creating package script '/home/genesis/GENESIS_BOT2_/ros2_ws_rpi5/install/human_control/share/human_control/package.sh'
[3.414s] INFO:colcon.colcon_core.shell:Creating package script '/home/genesis/GENESIS_BOT2_/ros2_ws_rpi5/install/human_control/share/human_control/package.bash'
[3.415s] INFO:colcon.colcon_core.shell:Creating package script '/home/genesis/GENESIS_BOT2_/ros2_ws_rpi5/install/human_control/share/human_control/package.zsh'
[3.416s] Level 1:colcon.colcon_core.environment:create_file_with_runtime_dependencies(/home/genesis/GENESIS_BOT2_/ros2_ws_rpi5/install/human_control/share/colcon-core/packages/human_control)
[3.427s] Level 1:colcon.colcon_core.environment:checking '/home/genesis/GENESIS_BOT2_/ros2_ws_rpi5/install/good_boy_mode' for CMake module files
[3.428s] DEBUG:colcon.colcon_core.event_handler.log_command:Invoked command in '/home/genesis/GENESIS_BOT2_/ros2_ws_rpi5/src/good_boy_mode' returned '0': PYTHONPATH=/home/genesis/GENESIS_BOT2_/ros2_ws_rpi5/build/good_boy_mode/prefix_override:/usr/lib/python3/dist-packages/colcon_core/task/python/colcon_distutils_commands:/home/genesis/GENESIS_BOT2_/ros2_ws_rpi5/install/good_boy_mode/lib/python3.12/site-packages:${PYTHONPATH} /usr/bin/python3 -W ignore:setup.py install is deprecated -W ignore:easy_install command is deprecated setup.py egg_info --egg-base ../../build/good_boy_mode build --build-base /home/genesis/GENESIS_BOT2_/ros2_ws_rpi5/build/good_boy_mode/build install --record /home/genesis/GENESIS_BOT2_/ros2_ws_rpi5/build/good_boy_mode/install.log --single-version-externally-managed install_data
[3.429s] Level 1:colcon.colcon_core.environment:checking '/home/genesis/GENESIS_BOT2_/ros2_ws_rpi5/install/good_boy_mode' for CMake config files
[3.429s] Level 1:colcon.colcon_core.environment:checking '/home/genesis/GENESIS_BOT2_/ros2_ws_rpi5/install/good_boy_mode/lib'
[3.429s] Level 1:colcon.colcon_core.environment:checking '/home/genesis/GENESIS_BOT2_/ros2_ws_rpi5/install/good_boy_mode/bin'
[3.429s] Level 1:colcon.colcon_core.environment:checking '/home/genesis/GENESIS_BOT2_/ros2_ws_rpi5/install/good_boy_mode/lib/pkgconfig/good_boy_mode.pc'
[3.430s] Level 1:colcon.colcon_core.environment:checking '/home/genesis/GENESIS_BOT2_/ros2_ws_rpi5/install/good_boy_mode/lib/python3.12/site-packages'
[3.430s] Level 1:colcon.colcon_core.shell:create_environment_hook('good_boy_mode', 'pythonpath')
[3.430s] INFO:colcon.colcon_core.shell:Creating environment hook '/home/genesis/GENESIS_BOT2_/ros2_ws_rpi5/install/good_boy_mode/share/good_boy_mode/hook/pythonpath.ps1'
[3.431s] INFO:colcon.colcon_core.shell:Creating environment descriptor '/home/genesis/GENESIS_BOT2_/ros2_ws_rpi5/install/good_boy_mode/share/good_boy_mode/hook/pythonpath.dsv'
[3.432s] INFO:colcon.colcon_core.shell:Creating environment hook '/home/genesis/GENESIS_BOT2_/ros2_ws_rpi5/install/good_boy_mode/share/good_boy_mode/hook/pythonpath.sh'
[3.433s] Level 1:colcon.colcon_core.environment:checking '/home/genesis/GENESIS_BOT2_/ros2_ws_rpi5/install/good_boy_mode/bin'
[3.433s] Level 1:colcon.colcon_core.environment:create_environment_scripts_only(good_boy_mode)
[3.433s] INFO:colcon.colcon_core.shell:Creating package script '/home/genesis/GENESIS_BOT2_/ros2_ws_rpi5/install/good_boy_mode/share/good_boy_mode/package.ps1'
[3.434s] INFO:colcon.colcon_core.shell:Creating package descriptor '/home/genesis/GENESIS_BOT2_/ros2_ws_rpi5/install/good_boy_mode/share/good_boy_mode/package.dsv'
[3.434s] INFO:colcon.colcon_core.shell:Creating package script '/home/genesis/GENESIS_BOT2_/ros2_ws_rpi5/install/good_boy_mode/share/good_boy_mode/package.sh'
[3.435s] INFO:colcon.colcon_core.shell:Creating package script '/home/genesis/GENESIS_BOT2_/ros2_ws_rpi5/install/good_boy_mode/share/good_boy_mode/package.bash'
[3.435s] INFO:colcon.colcon_core.shell:Creating package script '/home/genesis/GENESIS_BOT2_/ros2_ws_rpi5/install/good_boy_mode/share/good_boy_mode/package.zsh'
[3.436s] Level 1:colcon.colcon_core.environment:create_file_with_runtime_dependencies(/home/genesis/GENESIS_BOT2_/ros2_ws_rpi5/install/good_boy_mode/share/colcon-core/packages/good_boy_mode)
[3.436s] DEBUG:colcon.colcon_parallel_executor.executor.parallel:closing loop
[3.436s] DEBUG:colcon.colcon_parallel_executor.executor.parallel:loop closed
[3.436s] DEBUG:colcon.colcon_parallel_executor.executor.parallel:run_until_complete finished with '0'
[3.436s] DEBUG:colcon.colcon_core.event_reactor:joining thread
[3.446s] INFO:colcon.colcon_core.plugin_system:Skipping extension 'colcon_notification.desktop_notification.terminal_notifier': Not used on non-Darwin systems
[3.446s] INFO:colcon.colcon_core.plugin_system:Skipping extension 'colcon_notification.desktop_notification.win32': Not used on non-Windows systems
[3.446s] INFO:colcon.colcon_notification.desktop_notification:Sending desktop notification using 'notify2'
[3.477s] DEBUG:colcon.colcon_core.event_reactor:joined thread
[3.477s] INFO:colcon.colcon_core.shell:Creating prefix script '/home/genesis/GENESIS_BOT2_/ros2_ws_rpi5/install/local_setup.ps1'
[3.479s] INFO:colcon.colcon_core.shell:Creating prefix util module '/home/genesis/GENESIS_BOT2_/ros2_ws_rpi5/install/_local_setup_util_ps1.py'
[3.481s] INFO:colcon.colcon_core.shell:Creating prefix chain script '/home/genesis/GENESIS_BOT2_/ros2_ws_rpi5/install/setup.ps1'
[3.483s] INFO:colcon.colcon_core.shell:Creating prefix script '/home/genesis/GENESIS_BOT2_/ros2_ws_rpi5/install/local_setup.sh'
[3.485s] INFO:colcon.colcon_core.shell:Creating prefix util module '/home/genesis/GENESIS_BOT2_/ros2_ws_rpi5/install/_local_setup_util_sh.py'
[3.486s] INFO:colcon.colcon_core.shell:Creating prefix chain script '/home/genesis/GENESIS_BOT2_/ros2_ws_rpi5/install/setup.sh'
[3.489s] INFO:colcon.colcon_core.shell:Creating prefix script '/home/genesis/GENESIS_BOT2_/ros2_ws_rpi5/install/local_setup.bash'
[3.490s] INFO:colcon.colcon_core.shell:Creating prefix chain script '/home/genesis/GENESIS_BOT2_/ros2_ws_rpi5/install/setup.bash'
[3.492s] INFO:colcon.colcon_core.shell:Creating prefix script '/home/genesis/GENESIS_BOT2_/ros2_ws_rpi5/install/local_setup.zsh'
[3.493s] INFO:colcon.colcon_core.shell:Creating prefix chain script '/home/genesis/GENESIS_BOT2_/ros2_ws_rpi5/install/setup.zsh'
