[1.950s] Invoking command in '/home/genesis/GENESIS_BOT2_/ros2_ws_rpi5/src/good_boy_mode': PYTHONPATH=/home/genesis/GENESIS_BOT2_/ros2_ws_rpi5/build/good_boy_mode/prefix_override:/usr/lib/python3/dist-packages/colcon_core/task/python/colcon_distutils_commands:/home/genesis/GENESIS_BOT2_/ros2_ws_rpi5/install/good_boy_mode/lib/python3.12/site-packages:${PYTHONPATH} /usr/bin/python3 -W ignore:setup.py install is deprecated -W ignore:easy_install command is deprecated setup.py egg_info --egg-base ../../build/good_boy_mode build --build-base /home/genesis/GENESIS_BOT2_/ros2_ws_rpi5/build/good_boy_mode/build install --record /home/genesis/GENESIS_BOT2_/ros2_ws_rpi5/build/good_boy_mode/install.log --single-version-externally-managed install_data
[3.174s] running egg_info
[3.238s] writing ../../build/good_boy_mode/good_boy_mode.egg-info/PKG-INFO
[3.238s] writing dependency_links to ../../build/good_boy_mode/good_boy_mode.egg-info/dependency_links.txt
[3.244s] writing entry points to ../../build/good_boy_mode/good_boy_mode.egg-info/entry_points.txt
[3.249s] writing requirements to ../../build/good_boy_mode/good_boy_mode.egg-info/requires.txt
[3.249s] writing top-level names to ../../build/good_boy_mode/good_boy_mode.egg-info/top_level.txt
[3.399s] reading manifest file '../../build/good_boy_mode/good_boy_mode.egg-info/SOURCES.txt'
[3.399s] adding license file 'LICENSE'
[3.401s] writing manifest file '../../build/good_boy_mode/good_boy_mode.egg-info/SOURCES.txt'
[3.401s] running build
[3.401s] running build_py
[3.402s] running install
[3.420s] running install_lib
[3.507s] running install_data
[3.508s] running install_egg_info
[3.616s] removing '/home/genesis/GENESIS_BOT2_/ros2_ws_rpi5/install/good_boy_mode/lib/python3.12/site-packages/good_boy_mode-0.0.0-py3.12.egg-info' (and everything under it)
[3.621s] Copying ../../build/good_boy_mode/good_boy_mode.egg-info to /home/genesis/GENESIS_BOT2_/ros2_ws_rpi5/install/good_boy_mode/lib/python3.12/site-packages/good_boy_mode-0.0.0-py3.12.egg-info
[3.621s] running install_scripts
[4.374s] Installing cam_tilt_pan script to /home/genesis/GENESIS_BOT2_/ros2_ws_rpi5/install/good_boy_mode/lib/good_boy_mode
[4.376s] Installing mobile_bot script to /home/genesis/GENESIS_BOT2_/ros2_ws_rpi5/install/good_boy_mode/lib/good_boy_mode
[4.379s] writing list of installed files to '/home/genesis/GENESIS_BOT2_/ros2_ws_rpi5/build/good_boy_mode/install.log'
[4.695s] Invoked command in '/home/genesis/GENESIS_BOT2_/ros2_ws_rpi5/src/good_boy_mode' returned '0': PYTHONPATH=/home/genesis/GENESIS_BOT2_/ros2_ws_rpi5/build/good_boy_mode/prefix_override:/usr/lib/python3/dist-packages/colcon_core/task/python/colcon_distutils_commands:/home/genesis/GENESIS_BOT2_/ros2_ws_rpi5/install/good_boy_mode/lib/python3.12/site-packages:${PYTHONPATH} /usr/bin/python3 -W ignore:setup.py install is deprecated -W ignore:easy_install command is deprecated setup.py egg_info --egg-base ../../build/good_boy_mode build --build-base /home/genesis/GENESIS_BOT2_/ros2_ws_rpi5/build/good_boy_mode/build install --record /home/genesis/GENESIS_BOT2_/ros2_ws_rpi5/build/good_boy_mode/install.log --single-version-externally-managed install_data
