[1.768s] Invoking command in '/home/genesis/GENESIS_BOT2_/ros2_ws_rpi5/src/good_boy_mode': PYTHONPATH=/home/genesis/GENESIS_BOT2_/ros2_ws_rpi5/build/good_boy_mode/prefix_override:/usr/lib/python3/dist-packages/colcon_core/task/python/colcon_distutils_commands:/home/genesis/GENESIS_BOT2_/ros2_ws_rpi5/install/good_boy_mode/lib/python3.12/site-packages:${PYTHONPATH} /usr/bin/python3 -W ignore:setup.py install is deprecated -W ignore:easy_install command is deprecated setup.py egg_info --egg-base ../../build/good_boy_mode build --build-base /home/genesis/GENESIS_BOT2_/ros2_ws_rpi5/build/good_boy_mode/build install --record /home/genesis/GENESIS_BOT2_/ros2_ws_rpi5/build/good_boy_mode/install.log --single-version-externally-managed install_data
[2.187s] running egg_info
[2.217s] writing ../../build/good_boy_mode/good_boy_mode.egg-info/PKG-INFO
[2.221s] writing dependency_links to ../../build/good_boy_mode/good_boy_mode.egg-info/dependency_links.txt
[2.221s] writing entry points to ../../build/good_boy_mode/good_boy_mode.egg-info/entry_points.txt
[2.221s] writing requirements to ../../build/good_boy_mode/good_boy_mode.egg-info/requires.txt
[2.222s] writing top-level names to ../../build/good_boy_mode/good_boy_mode.egg-info/top_level.txt
[2.278s] reading manifest file '../../build/good_boy_mode/good_boy_mode.egg-info/SOURCES.txt'
[2.279s] adding license file 'LICENSE'
[2.279s] writing manifest file '../../build/good_boy_mode/good_boy_mode.egg-info/SOURCES.txt'
[2.280s] running build
[2.280s] running build_py
[2.280s] copying good_boy_mode/old_cam_tilt.py -> /home/genesis/GENESIS_BOT2_/ros2_ws_rpi5/build/good_boy_mode/build/lib/good_boy_mode
[2.280s] copying good_boy_mode/cam_tilt_pan.py -> /home/genesis/GENESIS_BOT2_/ros2_ws_rpi5/build/good_boy_mode/build/lib/good_boy_mode
[2.281s] running install
[2.290s] running install_lib
[2.321s] copying /home/genesis/GENESIS_BOT2_/ros2_ws_rpi5/build/good_boy_mode/build/lib/good_boy_mode/old_cam_tilt.py -> /home/genesis/GENESIS_BOT2_/ros2_ws_rpi5/install/good_boy_mode/lib/python3.12/site-packages/good_boy_mode
[2.321s] copying /home/genesis/GENESIS_BOT2_/ros2_ws_rpi5/build/good_boy_mode/build/lib/good_boy_mode/cam_tilt_pan.py -> /home/genesis/GENESIS_BOT2_/ros2_ws_rpi5/install/good_boy_mode/lib/python3.12/site-packages/good_boy_mode
[2.322s] byte-compiling /home/genesis/GENESIS_BOT2_/ros2_ws_rpi5/install/good_boy_mode/lib/python3.12/site-packages/good_boy_mode/old_cam_tilt.py to old_cam_tilt.cpython-312.pyc
[2.325s] byte-compiling /home/genesis/GENESIS_BOT2_/ros2_ws_rpi5/install/good_boy_mode/lib/python3.12/site-packages/good_boy_mode/cam_tilt_pan.py to cam_tilt_pan.cpython-312.pyc
[2.329s] running install_data
[2.329s] running install_egg_info
[2.359s] removing '/home/genesis/GENESIS_BOT2_/ros2_ws_rpi5/install/good_boy_mode/lib/python3.12/site-packages/good_boy_mode-0.0.0-py3.12.egg-info' (and everything under it)
[2.360s] Copying ../../build/good_boy_mode/good_boy_mode.egg-info to /home/genesis/GENESIS_BOT2_/ros2_ws_rpi5/install/good_boy_mode/lib/python3.12/site-packages/good_boy_mode-0.0.0-py3.12.egg-info
[2.361s] running install_scripts
[2.570s] Installing cam_tilt_pan script to /home/genesis/GENESIS_BOT2_/ros2_ws_rpi5/install/good_boy_mode/lib/good_boy_mode
[2.571s] Installing mobile_bot script to /home/genesis/GENESIS_BOT2_/ros2_ws_rpi5/install/good_boy_mode/lib/good_boy_mode
[2.572s] writing list of installed files to '/home/genesis/GENESIS_BOT2_/ros2_ws_rpi5/build/good_boy_mode/install.log'
[2.696s] Invoked command in '/home/genesis/GENESIS_BOT2_/ros2_ws_rpi5/src/good_boy_mode' returned '0': PYTHONPATH=/home/genesis/GENESIS_BOT2_/ros2_ws_rpi5/build/good_boy_mode/prefix_override:/usr/lib/python3/dist-packages/colcon_core/task/python/colcon_distutils_commands:/home/genesis/GENESIS_BOT2_/ros2_ws_rpi5/install/good_boy_mode/lib/python3.12/site-packages:${PYTHONPATH} /usr/bin/python3 -W ignore:setup.py install is deprecated -W ignore:easy_install command is deprecated setup.py egg_info --egg-base ../../build/good_boy_mode build --build-base /home/genesis/GENESIS_BOT2_/ros2_ws_rpi5/build/good_boy_mode/build install --record /home/genesis/GENESIS_BOT2_/ros2_ws_rpi5/build/good_boy_mode/install.log --single-version-externally-managed install_data
