[1.726s] Invoking command in '/home/genesis/GENESIS_BOT2_/ros2_ws_rpi5/src/good_boy_mode': PYTHONPATH=/home/genesis/GENESIS_BOT2_/ros2_ws_rpi5/build/good_boy_mode/prefix_override:/usr/lib/python3/dist-packages/colcon_core/task/python/colcon_distutils_commands:/home/genesis/GENESIS_BOT2_/ros2_ws_rpi5/install/good_boy_mode/lib/python3.12/site-packages:${PYTHONPATH} /usr/bin/python3 -W ignore:setup.py install is deprecated -W ignore:easy_install command is deprecated setup.py egg_info --egg-base ../../build/good_boy_mode build --build-base /home/genesis/GENESIS_BOT2_/ros2_ws_rpi5/build/good_boy_mode/build install --record /home/genesis/GENESIS_BOT2_/ros2_ws_rpi5/build/good_boy_mode/install.log --single-version-externally-managed install_data
[2.131s] running egg_info
[2.158s] writing ../../build/good_boy_mode/good_boy_mode.egg-info/PKG-INFO
[2.158s] writing dependency_links to ../../build/good_boy_mode/good_boy_mode.egg-info/dependency_links.txt
[2.159s] writing entry points to ../../build/good_boy_mode/good_boy_mode.egg-info/entry_points.txt
[2.160s] writing requirements to ../../build/good_boy_mode/good_boy_mode.egg-info/requires.txt
[2.160s] writing top-level names to ../../build/good_boy_mode/good_boy_mode.egg-info/top_level.txt
[2.223s] reading manifest file '../../build/good_boy_mode/good_boy_mode.egg-info/SOURCES.txt'
[2.223s] adding license file 'LICENSE'
[2.224s] writing manifest file '../../build/good_boy_mode/good_boy_mode.egg-info/SOURCES.txt'
[2.224s] running build
[2.224s] running build_py
[2.224s] copying good_boy_mode/cam_tilt_pan.py -> /home/genesis/GENESIS_BOT2_/ros2_ws_rpi5/build/good_boy_mode/build/lib/good_boy_mode
[2.225s] running install
[2.234s] running install_lib
[2.262s] copying /home/genesis/GENESIS_BOT2_/ros2_ws_rpi5/build/good_boy_mode/build/lib/good_boy_mode/cam_tilt_pan.py -> /home/genesis/GENESIS_BOT2_/ros2_ws_rpi5/install/good_boy_mode/lib/python3.12/site-packages/good_boy_mode
[2.263s] byte-compiling /home/genesis/GENESIS_BOT2_/ros2_ws_rpi5/install/good_boy_mode/lib/python3.12/site-packages/good_boy_mode/cam_tilt_pan.py to cam_tilt_pan.cpython-312.pyc
[2.266s] running install_data
[2.267s] running install_egg_info
[2.297s] removing '/home/genesis/GENESIS_BOT2_/ros2_ws_rpi5/install/good_boy_mode/lib/python3.12/site-packages/good_boy_mode-0.0.0-py3.12.egg-info' (and everything under it)
[2.297s] Copying ../../build/good_boy_mode/good_boy_mode.egg-info to /home/genesis/GENESIS_BOT2_/ros2_ws_rpi5/install/good_boy_mode/lib/python3.12/site-packages/good_boy_mode-0.0.0-py3.12.egg-info
[2.299s] running install_scripts
[2.504s] Installing cam_tilt_pan script to /home/genesis/GENESIS_BOT2_/ros2_ws_rpi5/install/good_boy_mode/lib/good_boy_mode
[2.504s] Installing mobile_bot script to /home/genesis/GENESIS_BOT2_/ros2_ws_rpi5/install/good_boy_mode/lib/good_boy_mode
[2.505s] writing list of installed files to '/home/genesis/GENESIS_BOT2_/ros2_ws_rpi5/build/good_boy_mode/install.log'
[2.628s] Invoked command in '/home/genesis/GENESIS_BOT2_/ros2_ws_rpi5/src/good_boy_mode' returned '0': PYTHONPATH=/home/genesis/GENESIS_BOT2_/ros2_ws_rpi5/build/good_boy_mode/prefix_override:/usr/lib/python3/dist-packages/colcon_core/task/python/colcon_distutils_commands:/home/genesis/GENESIS_BOT2_/ros2_ws_rpi5/install/good_boy_mode/lib/python3.12/site-packages:${PYTHONPATH} /usr/bin/python3 -W ignore:setup.py install is deprecated -W ignore:easy_install command is deprecated setup.py egg_info --egg-base ../../build/good_boy_mode build --build-base /home/genesis/GENESIS_BOT2_/ros2_ws_rpi5/build/good_boy_mode/build install --record /home/genesis/GENESIS_BOT2_/ros2_ws_rpi5/build/good_boy_mode/install.log --single-version-externally-managed install_data
